<?xml version="1.0" encoding="UTF-8"?>
<testng-results skipped="0" failed="0" ignored="0" total="1" passed="1">
  <reporter-output>
  </reporter-output>
  <suite name="Example test run" duration-ms="33301" started-at="2018-12-21T06:32:19Z" finished-at="2018-12-21T06:32:53Z">
    <groups>
    </groups>
    <test name="Simple Test" duration-ms="33301" started-at="2018-12-21T06:32:19Z" finished-at="2018-12-21T06:32:53Z">
      <class name="com.google.example.GoogleTitleVerifyPageTest">
        <test-method status="PASS" signature="setUpBeforeTest()[pri:0, instance:com.google.example.GoogleTitleVerifyPageTest@60addb54]" name="setUpBeforeTest" is-config="true" duration-ms="32519" started-at="2018-12-21T06:32:19Z" finished-at="2018-12-21T06:32:52Z">
          <reporter-output>
          </reporter-output>
        </test-method> <!-- setUpBeforeTest -->
        <test-method status="PASS" signature="titleVerify()[pri:0, instance:com.google.example.GoogleTitleVerifyPageTest@60addb54]" name="titleVerify" duration-ms="13" started-at="2018-12-21T06:32:52Z" finished-at="2018-12-21T06:32:52Z">
          <reporter-output>
          </reporter-output>
        </test-method> <!-- titleVerify -->
        <test-method status="PASS" signature="setUpAfterTest()[pri:0, instance:com.google.example.GoogleTitleVerifyPageTest@60addb54]" name="setUpAfterTest" is-config="true" duration-ms="752" started-at="2018-12-21T06:32:52Z" finished-at="2018-12-21T06:32:53Z">
          <reporter-output>
          </reporter-output>
        </test-method> <!-- setUpAfterTest -->
      </class> <!-- com.google.example.GoogleTitleVerifyPageTest -->
    </test> <!-- Simple Test -->
  </suite> <!-- Example test run -->
</testng-results>
